Add Pin To Net: Pin=P1-1 Old Net=NetP1_1 New Net=T_CLK
Add Pin To Net: Pin=P1-2 Old Net=NetP1_2 New Net=T_PEN
Add Pin To Net: Pin=P1-3 Old Net=NetP1_3 New Net=T_MISO
Add Pin To Net: Pin=P1-4 Old Net=NetP1_4 New Net=T_MOSI
Add Pin To Net: Pin=P1-5 Old Net=NetP1_5 New Net=PC4
Add Pin To Net: Pin=P1-6 Old Net=NetP1_6 New Net=PC5
Add Pin To Net: Pin=P1-7 Old Net=NetP1_7 New Net=PC6
Add Pin To Net: Pin=P1-8 Old Net=NetP1_8 New Net=PC7
Add Pin To Net: Pin=P1-9 Old Net=NetP1_9 New Net=PC8
Add Pin To Net: Pin=P1-10 Old Net=NetP1_10 New Net=PC9
Add Pin To Net: Pin=P1-11 Old Net=NetP1_11 New Net=PC10
Add Pin To Net: Pin=P1-12 Old Net=NetP1_12 New Net=PC11
Add Pin To Net: Pin=P1-13 Old Net=NetP1_13 New Net=PC12
Add Pin To Net: Pin=P1-14 Old Net=NetP1_14 New Net=T_CS
Add Pin To Net: Pin=P2-1 Old Net=NetP2_1 New Net=PA15
Add Pin To Net: Pin=P2-2 Old Net=NetP2_2 New Net=PA14
Add Pin To Net: Pin=P2-3 Old Net=NetP2_3 New Net=PA13
Add Pin To Net: Pin=P2-4 Old Net=NetP2_4 New Net=PA12
Add Pin To Net: Pin=P2-5 Old Net=NetP2_5 New Net=PA11
Add Pin To Net: Pin=P2-6 Old Net=NetP2_6 New Net=PA10
Add Pin To Net: Pin=P2-7 Old Net=NetP2_7 New Net=PA9
Add Pin To Net: Pin=P2-8 Old Net=NetP2_8 New Net=PA8
Add Pin To Net: Pin=P2-9 Old Net=NetP2_9 New Net=PA7
Add Pin To Net: Pin=P2-10 Old Net=NetP2_10 New Net=PA6
Add Pin To Net: Pin=P2-11 Old Net=NetP2_11 New Net=PA5
Add Pin To Net: Pin=P2-12 Old Net=NetP2_12 New Net=PA4
Add Pin To Net: Pin=P2-13 Old Net=NetP2_13 New Net=PA3
Add Pin To Net: Pin=P2-14 Old Net=NetP2_14 New Net=PA2
Add Pin To Net: Pin=P2-15 Old Net=NetP2_15 New Net=PA1
Add Pin To Net: Pin=P2-16 Old Net=NetP2_16 New Net=PA0
Add Pin To Net: Pin=P3-1 Old Net=NetP3_1 New Net=PB0
Add Pin To Net: Pin=P3-2 Old Net=NetP3_2 New Net=PB1
Add Pin To Net: Pin=P3-3 Old Net=NetP3_3 New Net=PB3
Add Pin To Net: Pin=P3-4 Old Net=NetP3_4 New Net=PB4
Add Pin To Net: Pin=P3-5 Old Net=NetP3_5 New Net=PB5
Add Pin To Net: Pin=P3-6 Old Net=NetP3_6 New Net=PB6
Add Pin To Net: Pin=P3-7 Old Net=NetP3_7 New Net=PB7
Add Pin To Net: Pin=P3-8 Old Net=NetP3_8 New Net=PB8
Add Pin To Net: Pin=P3-9 Old Net=NetP3_9 New Net=PB9
Add Pin To Net: Pin=P3-10 Old Net=NetP3_10 New Net=PB10
Add Pin To Net: Pin=P3-11 Old Net=NetP3_11 New Net=PB11
Add Pin To Net: Pin=P3-12 Old Net=NetP3_12 New Net=PB12
Add Pin To Net: Pin=P3-13 Old Net=NetP3_13 New Net=PB13
Add Pin To Net: Pin=P3-14 Old Net=NetP3_14 New Net=PB14
Add Pin To Net: Pin=P3-15 Old Net=NetP3_15 New Net=PB15
Add Pin To Net: Pin=P3-16 Old Net=NetP3_16 New Net=PD2
