Added Pin To Net: NetName=PA13 Pin=P1-1
Added Pin To Net: NetName=PA14 Pin=P1-2
Added Pin To Net: NetName=PA15 Pin=P1-3
Added Pin To Net: NetName=PC10 Pin=P1-4
Added Pin To Net: NetName=PC11 Pin=P1-5
Added Pin To Net: NetName=PC12 Pin=P1-6
Added Pin To Net: NetName=PD2 Pin=P1-7
Added Pin To Net: NetName=PB3 Pin=P1-8
Added Pin To Net: NetName=PB4 Pin=P1-9
Added Pin To Net: NetName=PB5 Pin=P1-10
Added Pin To Net: NetName=PB6 Pin=P1-11
Added Pin To Net: NetName=PB7 Pin=P1-12
Added Pin To Net: NetName=PB8 Pin=P1-13
Added Pin To Net: NetName=PB9 Pin=P1-14
Added Pin To Net: NetName=PB0 Pin=P2-1
Added Pin To Net: NetName=PC5 Pin=P2-2
Added Pin To Net: NetName=PC4 Pin=P2-3
Added Pin To Net: NetName=PA7 Pin=P2-4
Added Pin To Net: NetName=PA6 Pin=P2-5
Added Pin To Net: NetName=PA5 Pin=P2-6
Added Pin To Net: NetName=PA4 Pin=P2-7
Added Pin To Net: NetName=PA3 Pin=P2-8
Added Pin To Net: NetName=PA2 Pin=P2-9
Added Pin To Net: NetName=PA1 Pin=P2-10
Added Pin To Net: NetName=PA0 Pin=P2-11
Added Pin To Net: NetName=PC3 Pin=P2-12
Added Pin To Net: NetName=PC2 Pin=P2-13
Added Pin To Net: NetName=PC1 Pin=P2-14
Added Pin To Net: NetName=PC0 Pin=P2-15
Added Pin To Net: NetName=PC13 Pin=P2-16
Added Pin To Net: NetName=PB1 Pin=P3-1
Added Pin To Net: NetName=PB10 Pin=P3-2
Added Pin To Net: NetName=PB11 Pin=P3-3
Added Pin To Net: NetName=PB12 Pin=P3-4
Added Pin To Net: NetName=PB13 Pin=P3-5
Added Pin To Net: NetName=PB14 Pin=P3-6
Added Pin To Net: NetName=PB15 Pin=P3-7
Added Pin To Net: NetName=PC6 Pin=P3-8
Added Pin To Net: NetName=PC7 Pin=P3-9
Added Pin To Net: NetName=PC8 Pin=P3-10
Added Pin To Net: NetName=PC9 Pin=P3-11
Added Pin To Net: NetName=PA8 Pin=P3-12
Added Pin To Net: NetName=PA9 Pin=P3-13
Added Pin To Net: NetName=PA10 Pin=P3-14
Added Pin To Net: NetName=PA11 Pin=P3-15
Added Pin To Net: NetName=PA12 Pin=P3-16
Added Member To Class: ClassName=miniSystrm Member=Component J1 Mini_USB
Added Member To Class: ClassName=miniSystrm Member=Component U1 STM32F103RCT6
