Removed Pin From Net: NetName=PC0 Pin=P1-1
Removed Pin From Net: NetName=PC1 Pin=P1-2
Removed Pin From Net: NetName=PC2 Pin=P1-3
Removed Pin From Net: NetName=PC3 Pin=P1-4
Removed Pin From Net: NetName=PC4 Pin=P1-5
Removed Pin From Net: NetName=PC5 Pin=P1-6
Removed Pin From Net: NetName=PC6 Pin=P1-7
Removed Pin From Net: NetName=PC7 Pin=P1-8
Removed Pin From Net: NetName=PC8 Pin=P1-9
Removed Pin From Net: NetName=PC9 Pin=P1-10
Removed Pin From Net: NetName=PC10 Pin=P1-11
Removed Pin From Net: NetName=PC11 Pin=P1-12
Removed Pin From Net: NetName=PC12 Pin=P1-13
Removed Pin From Net: NetName=PC13 Pin=P1-14
Removed Pin From Net: NetName=PA15 Pin=P2-1
Removed Pin From Net: NetName=PA14 Pin=P2-2
Removed Pin From Net: NetName=PA13 Pin=P2-3
Removed Pin From Net: NetName=PA12 Pin=P2-4
Removed Pin From Net: NetName=PA11 Pin=P2-5
Removed Pin From Net: NetName=PA10 Pin=P2-6
Removed Pin From Net: NetName=PA9 Pin=P2-7
Removed Pin From Net: NetName=PA8 Pin=P2-8
Removed Pin From Net: NetName=PA7 Pin=P2-9
Removed Pin From Net: NetName=PA6 Pin=P2-10
Removed Pin From Net: NetName=PA5 Pin=P2-11
Removed Pin From Net: NetName=PA4 Pin=P2-12
Removed Pin From Net: NetName=PA3 Pin=P2-13
Removed Pin From Net: NetName=PA2 Pin=P2-14
Removed Pin From Net: NetName=PA1 Pin=P2-15
Removed Pin From Net: NetName=PA0 Pin=P2-16
Removed Pin From Net: NetName=PB0 Pin=P3-1
Removed Pin From Net: NetName=PB1 Pin=P3-2
Removed Pin From Net: NetName=PB3 Pin=P3-3
Removed Pin From Net: NetName=PB4 Pin=P3-4
Removed Pin From Net: NetName=PB5 Pin=P3-5
Removed Pin From Net: NetName=PB6 Pin=P3-6
Removed Pin From Net: NetName=PB7 Pin=P3-7
Removed Pin From Net: NetName=PB8 Pin=P3-8
Removed Pin From Net: NetName=PB9 Pin=P3-9
Removed Pin From Net: NetName=PB10 Pin=P3-10
Removed Pin From Net: NetName=PB11 Pin=P3-11
Removed Pin From Net: NetName=PB12 Pin=P3-12
Removed Pin From Net: NetName=PB13 Pin=P3-13
Removed Pin From Net: NetName=PB14 Pin=P3-14
Removed Pin From Net: NetName=PB15 Pin=P3-15
Removed Pin From Net: NetName=PD2 Pin=P3-16
Added Room: Name=miniSystrm
